
SQL*Loader: Release 19.0.0.0.0 - Production on Thu Mar 27 11:54:46 2025
Version 19.3.0.0.0

Copyright (c) 1982, 2019, Oracle and/or its affiliates.  All rights reserved.

Control File:   load_data.ctl
Data File:      data.csv
  Bad File:     data.bad
  Discard File:  none specified
 
 (Allow all discards)

Number to load: ALL
Number to skip: 0
Errors allowed: 50
Bind array:     250 rows, maximum of 1048576 bytes
Continuation:    none specified
Path used:      Conventional

Table EMPLOYEES, loaded from every logical record.
Insert option in effect for this table: INSERT

   Column Name                  Position   Len  Term Encl Datatype
------------------------------ ---------- ----- ---- ---- ---------------------
EMPNO                               FIRST     *   ,       CHARACTER            
FIRST_NAME                           NEXT     *   ,       CHARACTER            
LAST_NAME                            NEXT     *   ,       CHARACTER            
SALARY                               NEXT     *   ,       CHARACTER            


Table EMPLOYEES:
  4 Rows successfully loaded.
  0 Rows not loaded due to data errors.
  0 Rows not loaded because all WHEN clauses were failed.
  0 Rows not loaded because all fields were null.


Space allocated for bind array:                 258000 bytes(250 rows)
Read   buffer bytes: 1048576

Total logical records skipped:          0
Total logical records read:             4
Total logical records rejected:         0
Total logical records discarded:        0

Run began on Thu Mar 27 11:54:46 2025
Run ended on Thu Mar 27 11:54:50 2025

Elapsed time was:     00:00:03.78
CPU time was:         00:00:00.21
