
SQL*Loader: Release 19.0.0.0.0 - Production on Thu Apr 3 13:13:04 2025
Version 19.3.0.0.0

Copyright (c) 1982, 2019, Oracle and/or its affiliates.  All rights reserved.

Control File:   C:\tpch-dbgen\table\lineitem.ctl
Data File:      C:\tpch-dbgen\lineitem.tbl
  Bad File:     C:\tpch-dbgen\table\lineitem.bad
  Discard File:  none specified
 
 (Allow all discards)

Number to load: ALL
Number to skip: 0
Errors allowed: 50
Bind array:     250 rows, maximum of 1048576 bytes
Continuation:    none specified
Path used:      Conventional

Table LINEITEM, loaded from every logical record.
Insert option in effect for this table: INSERT

   Column Name                  Position   Len  Term Encl Datatype
------------------------------ ---------- ----- ---- ---- ---------------------
L_ORDERKEY                          FIRST     *   |       CHARACTER            
L_PARTKEY                            NEXT     *   |       CHARACTER            
L_SUPPKEY                            NEXT     *   |       CHARACTER            
L_LINENUMBER                         NEXT     *   |       CHARACTER            
L_QUANTITY                           NEXT     *   |       CHARACTER            
L_EXTENDEDPRICE                      NEXT     *   |       CHARACTER            
L_DISCOUNT                           NEXT     *   |       CHARACTER            
L_TAX                                NEXT     *   |       CHARACTER            
L_RETURNFLAG                         NEXT     *   |       CHARACTER            
L_LINESTATUS                         NEXT     *   |       CHARACTER            
L_SHIPDATE                           NEXT     *   |       DATE YYYY-MM-DD      
L_COMMITDATE                         NEXT     *   |       DATE YYYY-MM-DD      
L_RECEIPTDATE                        NEXT     *   |       DATE YYYY-MM-DD      
L_SHIPINSTRUCT                       NEXT     *   |       CHARACTER            
L_SHIPMODE                           NEXT     *   |       CHARACTER            
L_COMMENT                            NEXT     *   |       CHARACTER            


Table LINEITEM:
  6001215 Rows successfully loaded.
  0 Rows not loaded due to data errors.
  0 Rows not loaded because all WHEN clauses were failed.
  0 Rows not loaded because all fields were null.


Space allocated for bind array:                1032000 bytes(250 rows)
Read   buffer bytes: 1048576

Total logical records skipped:          0
Total logical records read:       6001215
Total logical records rejected:         0
Total logical records discarded:        0

Run began on Thu Apr 03 13:13:04 2025
Run ended on Thu Apr 03 13:13:34 2025

Elapsed time was:     00:00:30.31
CPU time was:         00:00:12.11
