
SQL*Loader: Release 19.0.0.0.0 - Production on Thu Mar 27 12:56:38 2025
Version 19.3.0.0.0

Copyright (c) 1982, 2019, Oracle and/or its affiliates.  All rights reserved.

Control File:   load_data_fixed.ctl
Data File:      employees_fixed.txt
  Bad File:     employees_fixed.bad
  Discard File:  none specified
 
 (Allow all discards)

Number to load: ALL
Number to skip: 0
Errors allowed: 50
Bind array:     250 rows, maximum of 1048576 bytes
Continuation:    none specified
Path used:      Conventional

Table EMP_FIXED, loaded from every logical record.
Insert option in effect for this table: INSERT

   Column Name                  Position   Len  Term Encl Datatype
------------------------------ ---------- ----- ---- ---- ---------------------
EMPNO                                 1:5     5           CHARACTER            
FIRST_NAME                           6:15    10           CHARACTER            
LAST_NAME                           16:25    10           CHARACTER            
SALARY                              26:35    10           CHARACTER            


Table EMP_FIXED:
  4 Rows successfully loaded.
  0 Rows not loaded due to data errors.
  0 Rows not loaded because all WHEN clauses were failed.
  0 Rows not loaded because all fields were null.


Space allocated for bind array:                  11000 bytes(250 rows)
Read   buffer bytes: 1048576

Total logical records skipped:          0
Total logical records read:             4
Total logical records rejected:         0
Total logical records discarded:        0

Run began on Thu Mar 27 12:56:38 2025
Run ended on Thu Mar 27 12:56:39 2025

Elapsed time was:     00:00:00.63
CPU time was:         00:00:00.23
