
SQL*Loader: Release 19.0.0.0.0 - Production on Thu Apr 3 13:13:46 2025
Version 19.3.0.0.0

Copyright (c) 1982, 2019, Oracle and/or its affiliates.  All rights reserved.

Control File:   C:\tpch-dbgen\table\partsupp.ctl
Data File:      C:\tpch-dbgen\partsupp.tbl
  Bad File:     C:\tpch-dbgen\table\partsupp.bad
  Discard File:  none specified
 
 (Allow all discards)

Number to load: ALL
Number to skip: 0
Errors allowed: 50
Bind array:     250 rows, maximum of 1048576 bytes
Continuation:    none specified
Path used:      Conventional

Table PARTSUPP, loaded from every logical record.
Insert option in effect for this table: INSERT

   Column Name                  Position   Len  Term Encl Datatype
------------------------------ ---------- ----- ---- ---- ---------------------
PS_PARTKEY                          FIRST     *   |       CHARACTER            
PS_SUPPKEY                           NEXT     *   |       CHARACTER            
PS_AVAILQTY                          NEXT     *   |       CHARACTER            
PS_SUPPLYCOST                        NEXT     *   |       CHARACTER            
PS_COMMENT                           NEXT     *   |       CHARACTER            


Table PARTSUPP:
  800000 Rows successfully loaded.
  0 Rows not loaded due to data errors.
  0 Rows not loaded because all WHEN clauses were failed.
  0 Rows not loaded because all fields were null.


Space allocated for bind array:                 322500 bytes(250 rows)
Read   buffer bytes: 1048576

Total logical records skipped:          0
Total logical records read:        800000
Total logical records rejected:         0
Total logical records discarded:        0

Run began on Thu Apr 03 13:13:46 2025
Run ended on Thu Apr 03 13:13:50 2025

Elapsed time was:     00:00:03.95
CPU time was:         00:00:01.06
