
SQL*Loader: Release 19.0.0.0.0 - Production on Thu Apr 3 13:13:52 2025
Version 19.3.0.0.0

Copyright (c) 1982, 2019, Oracle and/or its affiliates.  All rights reserved.

Control File:   C:\tpch-dbgen\table\supplier.ctl
Data File:      C:\tpch-dbgen\supplier.tbl
  Bad File:     C:\tpch-dbgen\table\supplier.bad
  Discard File:  none specified
 
 (Allow all discards)

Number to load: ALL
Number to skip: 0
Errors allowed: 50
Bind array:     250 rows, maximum of 1048576 bytes
Continuation:    none specified
Path used:      Conventional

Table SUPPLIER, loaded from every logical record.
Insert option in effect for this table: INSERT

   Column Name                  Position   Len  Term Encl Datatype
------------------------------ ---------- ----- ---- ---- ---------------------
S_SUPPKEY                           FIRST     *   |       CHARACTER            
S_NAME                               NEXT     *   |       CHARACTER            
S_ADDRESS                            NEXT     *   |       CHARACTER            
S_NATIONKEY                          NEXT     *   |       CHARACTER            
S_PHONE                              NEXT     *   |       CHARACTER            
S_ACCTBAL                            NEXT     *   |       CHARACTER            
S_COMMENT                            NEXT     *   |       CHARACTER            


Table SUPPLIER:
  10000 Rows successfully loaded.
  0 Rows not loaded due to data errors.
  0 Rows not loaded because all WHEN clauses were failed.
  0 Rows not loaded because all fields were null.


Space allocated for bind array:                 451500 bytes(250 rows)
Read   buffer bytes: 1048576

Total logical records skipped:          0
Total logical records read:         10000
Total logical records rejected:         0
Total logical records discarded:        0

Run began on Thu Apr 03 13:13:52 2025
Run ended on Thu Apr 03 13:13:53 2025

Elapsed time was:     00:00:00.64
CPU time was:         00:00:00.16
